<?xml version="1.0" encoding="UTF-8"?>
<testsuite name="com.jmp.service.MenteeServiceTest" tests="5" skipped="0" failures="0" errors="0" timestamp="2017-09-24T22:35:58" hostname="MacBook-Pro-Ruslan.local" time="0.006">
  <properties/>
  <testcase name="updateMentee" classname="com.jmp.service.MenteeServiceTest" time="0.001"/>
  <testcase name="deleteMentee" classname="com.jmp.service.MenteeServiceTest" time="0.0"/>
  <testcase name="findMentee" classname="com.jmp.service.MenteeServiceTest" time="0.002"/>
  <testcase name="createMentee" classname="com.jmp.service.MenteeServiceTest" time="0.0"/>
  <testcase name="updateMenteeWithMentor" classname="com.jmp.service.MenteeServiceTest" time="0.0"/>
  <system-out><![CDATA[]]></system-out>
  <system-err><![CDATA[]]></system-err>
</testsuite>
