<?xml version="1.0" encoding="UTF-8"?>
<testsuite name="com.jmp.repository.MenteeRepositoryTest" tests="4" skipped="0" failures="0" errors="0" timestamp="2017-09-24T22:35:57" hostname="MacBook-Pro-Ruslan.local" time="0.257">
  <properties/>
  <testcase name="updateMentee" classname="com.jmp.repository.MenteeRepositoryTest" time="0.172"/>
  <testcase name="deleteMentee" classname="com.jmp.repository.MenteeRepositoryTest" time="0.028"/>
  <testcase name="findMentee" classname="com.jmp.repository.MenteeRepositoryTest" time="0.026"/>
  <testcase name="saveMentee" classname="com.jmp.repository.MenteeRepositoryTest" time="0.028"/>
  <system-out><![CDATA[01:35:54.337 [Test worker] DEBUG org.springframework.test.context.junit4.SpringJUnit4ClassRunner - SpringJUnit4ClassRunner constructor called with [class com.jmp.repository.MenteeRepositoryTest]
01:35:54.338 [Test worker] DEBUG org.springframework.test.context.BootstrapUtils - Instantiating CacheAwareContextLoaderDelegate from class [org.springframework.test.context.cache.DefaultCacheAwareContextLoaderDelegate]
01:35:54.340 [Test worker] DEBUG org.springframework.test.context.BootstrapUtils - Instantiating BootstrapContext using constructor [public org.springframework.test.context.support.DefaultBootstrapContext(java.lang.Class,org.springframework.test.context.CacheAwareContextLoaderDelegate)]
01:35:54.342 [Test worker] DEBUG org.springframework.test.context.BootstrapUtils - Instantiating TestContextBootstrapper for test class [com.jmp.repository.MenteeRepositoryTest] from class [org.springframework.boot.test.context.SpringBootTestContextBootstrapper]
01:35:54.347 [Test worker] INFO org.springframework.boot.test.context.SpringBootTestContextBootstrapper - Neither @ContextConfiguration nor @ContextHierarchy found for test class [com.jmp.repository.MenteeRepositoryTest], using SpringBootContextLoader
01:35:54.347 [Test worker] DEBUG org.springframework.test.context.support.AbstractContextLoader - Did not detect default resource location for test class [com.jmp.repository.MenteeRepositoryTest]: class path resource [com/jmp/repository/MenteeRepositoryTest-context.xml] does not exist
01:35:54.347 [Test worker] DEBUG org.springframework.test.context.support.AbstractContextLoader - Did not detect default resource location for test class [com.jmp.repository.MenteeRepositoryTest]: class path resource [com/jmp/repository/MenteeRepositoryTestContext.groovy] does not exist
01:35:54.348 [Test worker] INFO org.springframework.test.context.support.AbstractContextLoader - Could not detect default resource locations for test class [com.jmp.repository.MenteeRepositoryTest]: no resource found for suffixes {-context.xml, Context.groovy}.
01:35:54.348 [Test worker] INFO org.springframework.test.context.support.AnnotationConfigContextLoaderUtils - Could not detect default configuration classes for test class [com.jmp.repository.MenteeRepositoryTest]: MenteeRepositoryTest does not declare any static, non-private, non-final, nested classes annotated with @Configuration.
01:35:54.370 [Test worker] DEBUG org.springframework.core.env.StandardEnvironment - Adding [systemProperties] PropertySource with lowest search precedence
01:35:54.370 [Test worker] DEBUG org.springframework.core.env.StandardEnvironment - Adding [systemEnvironment] PropertySource with lowest search precedence
01:35:54.370 [Test worker] DEBUG org.springframework.core.env.StandardEnvironment - Initialized StandardEnvironment with PropertySources [systemProperties,systemEnvironment]
01:35:54.374 [Test worker] DEBUG org.springframework.core.io.support.PathMatchingResourcePatternResolver - Resolved classpath location [com/jmp/repository/] to resources [URL [file:/Users/ruslan/MAIN/JMP/JMP24_API_first/JMP24_API_First_Architecture/build/classes/test/com/jmp/repository/], URL [file:/Users/ruslan/MAIN/JMP/JMP24_API_first/JMP24_API_First_Architecture/build/classes/main/com/jmp/repository/]]
01:35:54.374 [Test worker] DEBUG org.springframework.core.io.support.PathMatchingResourcePatternResolver - Looking for matching resources in directory tree [/Users/ruslan/MAIN/JMP/JMP24_API_first/JMP24_API_First_Architecture/build/classes/test/com/jmp/repository]
01:35:54.374 [Test worker] DEBUG org.springframework.core.io.support.PathMatchingResourcePatternResolver - Searching directory [/Users/ruslan/MAIN/JMP/JMP24_API_first/JMP24_API_First_Architecture/build/classes/test/com/jmp/repository] for files matching pattern [/Users/ruslan/MAIN/JMP/JMP24_API_first/JMP24_API_First_Architecture/build/classes/test/com/jmp/repository/*.class]
01:35:54.375 [Test worker] DEBUG org.springframework.core.io.support.PathMatchingResourcePatternResolver - Looking for matching resources in directory tree [/Users/ruslan/MAIN/JMP/JMP24_API_first/JMP24_API_First_Architecture/build/classes/main/com/jmp/repository]
01:35:54.375 [Test worker] DEBUG org.springframework.core.io.support.PathMatchingResourcePatternResolver - Searching directory [/Users/ruslan/MAIN/JMP/JMP24_API_first/JMP24_API_First_Architecture/build/classes/main/com/jmp/repository] for files matching pattern [/Users/ruslan/MAIN/JMP/JMP24_API_first/JMP24_API_First_Architecture/build/classes/main/com/jmp/repository/*.class]
01:35:54.376 [Test worker] DEBUG org.springframework.core.io.support.PathMatchingResourcePatternResolver - Resolved location pattern [classpath*:com/jmp/repository/*.class] to resources [file [/Users/ruslan/MAIN/JMP/JMP24_API_first/JMP24_API_First_Architecture/build/classes/test/com/jmp/repository/MenteeRepositoryTest.class], file [/Users/ruslan/MAIN/JMP/JMP24_API_first/JMP24_API_First_Architecture/build/classes/test/com/jmp/repository/MentorRepositoryTest.class], file [/Users/ruslan/MAIN/JMP/JMP24_API_first/JMP24_API_First_Architecture/build/classes/main/com/jmp/repository/MenteeRepository.class], file [/Users/ruslan/MAIN/JMP/JMP24_API_first/JMP24_API_First_Architecture/build/classes/main/com/jmp/repository/MentorRepository.class]]
01:35:54.390 [Test worker] DEBUG org.springframework.core.io.support.PathMatchingResourcePatternResolver - Resolved classpath location [com/jmp/] to resources [URL [file:/Users/ruslan/MAIN/JMP/JMP24_API_first/JMP24_API_First_Architecture/build/classes/test/com/jmp/], URL [file:/Users/ruslan/MAIN/JMP/JMP24_API_first/JMP24_API_First_Architecture/build/classes/main/com/jmp/]]
01:35:54.391 [Test worker] DEBUG org.springframework.core.io.support.PathMatchingResourcePatternResolver - Looking for matching resources in directory tree [/Users/ruslan/MAIN/JMP/JMP24_API_first/JMP24_API_First_Architecture/build/classes/test/com/jmp]
01:35:54.391 [Test worker] DEBUG org.springframework.core.io.support.PathMatchingResourcePatternResolver - Searching directory [/Users/ruslan/MAIN/JMP/JMP24_API_first/JMP24_API_First_Architecture/build/classes/test/com/jmp] for files matching pattern [/Users/ruslan/MAIN/JMP/JMP24_API_first/JMP24_API_First_Architecture/build/classes/test/com/jmp/*.class]
01:35:54.391 [Test worker] DEBUG org.springframework.core.io.support.PathMatchingResourcePatternResolver - Looking for matching resources in directory tree [/Users/ruslan/MAIN/JMP/JMP24_API_first/JMP24_API_First_Architecture/build/classes/main/com/jmp]
01:35:54.391 [Test worker] DEBUG org.springframework.core.io.support.PathMatchingResourcePatternResolver - Searching directory [/Users/ruslan/MAIN/JMP/JMP24_API_first/JMP24_API_First_Architecture/build/classes/main/com/jmp] for files matching pattern [/Users/ruslan/MAIN/JMP/JMP24_API_first/JMP24_API_First_Architecture/build/classes/main/com/jmp/*.class]
01:35:54.392 [Test worker] DEBUG org.springframework.core.io.support.PathMatchingResourcePatternResolver - Resolved location pattern [classpath*:com/jmp/*.class] to resources [file [/Users/ruslan/MAIN/JMP/JMP24_API_first/JMP24_API_First_Architecture/build/classes/main/com/jmp/JmpApplication.class]]
01:35:54.411 [Test worker] DEBUG org.springframework.context.annotation.ClassPathScanningCandidateComponentProvider - Identified candidate component class: file [/Users/ruslan/MAIN/JMP/JMP24_API_first/JMP24_API_First_Architecture/build/classes/main/com/jmp/JmpApplication.class]
01:35:54.412 [Test worker] INFO org.springframework.boot.test.context.SpringBootTestContextBootstrapper - Found @SpringBootConfiguration com.jmp.JmpApplication for test class com.jmp.repository.MenteeRepositoryTest
01:35:54.414 [Test worker] INFO org.springframework.boot.test.context.SpringBootTestContextBootstrapper - Using TestExecutionListeners: [org.springframework.test.context.support.DependencyInjectionTestExecutionListener@394b9c19, com.github.springtestdbunit.DbUnitTestExecutionListener@7336017f]
01:35:54.416 [Test worker] DEBUG org.springframework.test.annotation.ProfileValueUtils - Retrieved @ProfileValueSourceConfiguration [null] for test class [com.jmp.repository.MenteeRepositoryTest]
01:35:54.417 [Test worker] DEBUG org.springframework.test.annotation.ProfileValueUtils - Retrieved ProfileValueSource type [class org.springframework.test.annotation.SystemProfileValueSource] for class [com.jmp.repository.MenteeRepositoryTest]
01:35:54.417 [Test worker] DEBUG org.springframework.test.annotation.ProfileValueUtils - Retrieved @ProfileValueSourceConfiguration [null] for test class [com.jmp.repository.MenteeRepositoryTest]
01:35:54.417 [Test worker] DEBUG org.springframework.test.annotation.ProfileValueUtils - Retrieved ProfileValueSource type [class org.springframework.test.annotation.SystemProfileValueSource] for class [com.jmp.repository.MenteeRepositoryTest]
01:35:54.417 [Test worker] DEBUG org.springframework.test.annotation.ProfileValueUtils - Retrieved @ProfileValueSourceConfiguration [null] for test class [com.jmp.repository.MenteeRepositoryTest]
01:35:54.417 [Test worker] DEBUG org.springframework.test.annotation.ProfileValueUtils - Retrieved ProfileValueSource type [class org.springframework.test.annotation.SystemProfileValueSource] for class [com.jmp.repository.MenteeRepositoryTest]
01:35:54.419 [Test worker] DEBUG org.springframework.test.context.support.DependencyInjectionTestExecutionListener - Performing dependency injection for test context [[DefaultTestContext@3691ca53 testClass = MenteeRepositoryTest, testInstance = com.jmp.repository.MenteeRepositoryTest@6234acf1, testMethod = [null], testException = [null], mergedContextConfiguration = [WebMergedContextConfiguration@1519a537 testClass = MenteeRepositoryTest, locations = '{}', classes = '{class com.jmp.JmpApplication}', contextInitializerClasses = '[]', activeProfiles = '{test}', propertySourceLocations = '{}', propertySourceProperties = '{org.springframework.boot.test.context.SpringBootTestContextBootstrapper=true}', contextCustomizers = set[org.springframework.boot.test.context.SpringBootTestContextCustomizer@2638fb79, org.springframework.boot.test.context.filter.ExcludeFilterContextCustomizer@199bba89, org.springframework.boot.test.mock.mockito.MockitoContextCustomizer@0, org.springframework.boot.test.autoconfigure.properties.PropertyMappingContextCustomizer@0, org.springframework.boot.test.autoconfigure.web.servlet.WebDriverContextCustomizerFactory$Customizer@6811fdfd], resourceBasePath = 'src/main/webapp', contextLoader = 'org.springframework.boot.test.context.SpringBootContextLoader', parent = [null]]]].
01:35:54.440 [Test worker] DEBUG org.springframework.core.env.StandardEnvironment - Adding [systemProperties] PropertySource with lowest search precedence
01:35:54.440 [Test worker] DEBUG org.springframework.core.env.StandardEnvironment - Adding [systemEnvironment] PropertySource with lowest search precedence
01:35:54.440 [Test worker] DEBUG org.springframework.core.env.StandardEnvironment - Initialized StandardEnvironment with PropertySources [systemProperties,systemEnvironment]
01:35:54.440 [Test worker] DEBUG org.springframework.core.env.StandardEnvironment - Adding [test] PropertySource with highest search precedence
01:35:54.441 [Test worker] DEBUG org.springframework.core.env.MutablePropertySources - Adding [inline] PropertySource with highest search precedence
01:35:54.447 [Test worker] DEBUG org.springframework.test.context.support.TestPropertySourceUtils - Adding inlined properties to environment: {spring.jmx.enabled=false, org.springframework.boot.test.context.SpringBootTestContextBootstrapper=true, server.port=-1}
01:35:54.447 [Test worker] DEBUG org.springframework.core.env.StandardEnvironment - Adding [Inlined Test Properties] PropertySource with highest search precedence

  .   ____          _            __ _ _
 /\\ / ___'_ __ _ _(_)_ __  __ _ \ \ \ \
( ( )\___ | '_ | '_| | '_ \/ _` | \ \ \ \
 \\/  ___)| |_)| | | | | || (_| |  ) ) ) )
  '  |____| .__|_| |_|_| |_\__, | / / / /
 =========|_|==============|___/=/_/_/_/
 :: Spring Boot ::        (v1.5.1.RELEASE)

2017-09-25 01:35:54.706  INFO 81207 --- [    Test worker] com.jmp.repository.MenteeRepositoryTest  : Starting MenteeRepositoryTest on MacBook-Pro-Ruslan.local with PID 81207 (started by ruslan in /Users/ruslan/MAIN/JMP/JMP24_API_first/JMP24_API_First_Architecture)
2017-09-25 01:35:54.707  INFO 81207 --- [    Test worker] com.jmp.repository.MenteeRepositoryTest  : The following profiles are active: test
2017-09-25 01:35:54.738  INFO 81207 --- [    Test worker] o.s.w.c.s.GenericWebApplicationContext   : Refreshing org.springframework.web.context.support.GenericWebApplicationContext@17a296be: startup date [Mon Sep 25 01:35:54 EEST 2017]; root of context hierarchy
2017-09-25 01:35:55.432  INFO 81207 --- [    Test worker] trationDelegate$BeanPostProcessorChecker : Bean 'org.springframework.boot.autoconfigure.validation.ValidationAutoConfiguration' of type [class org.springframework.boot.autoconfigure.validation.ValidationAutoConfiguration] is not eligible for getting processed by all BeanPostProcessors (for example: not eligible for auto-proxying)
2017-09-25 01:35:55.442  INFO 81207 --- [    Test worker] trationDelegate$BeanPostProcessorChecker : Bean 'validator' of type [class org.springframework.validation.beanvalidation.LocalValidatorFactoryBean] is not eligible for getting processed by all BeanPostProcessors (for example: not eligible for auto-proxying)
2017-09-25 01:35:55.462  INFO 81207 --- [    Test worker] trationDelegate$BeanPostProcessorChecker : Bean 'org.springframework.transaction.annotation.ProxyTransactionManagementConfiguration' of type [class org.springframework.transaction.annotation.ProxyTransactionManagementConfiguration$$EnhancerBySpringCGLIB$$d0f5cef9] is not eligible for getting processed by all BeanPostProcessors (for example: not eligible for auto-proxying)
2017-09-25 01:35:56.103  INFO 81207 --- [    Test worker] hsqldb.db.HSQLDB5EB5FD5F47.ENGINE        : checkpointClose start
2017-09-25 01:35:56.103  INFO 81207 --- [    Test worker] hsqldb.db.HSQLDB5EB5FD5F47.ENGINE        : checkpointClose synched
2017-09-25 01:35:56.109  INFO 81207 --- [    Test worker] hsqldb.db.HSQLDB5EB5FD5F47.ENGINE        : checkpointClose script done
2017-09-25 01:35:56.112  INFO 81207 --- [    Test worker] hsqldb.db.HSQLDB5EB5FD5F47.ENGINE        : checkpointClose end
2017-09-25 01:35:56.159  INFO 81207 --- [    Test worker] j.LocalContainerEntityManagerFactoryBean : Building JPA container EntityManagerFactory for persistence unit 'default'
2017-09-25 01:35:56.175  INFO 81207 --- [    Test worker] o.hibernate.jpa.internal.util.LogHelper  : HHH000204: Processing PersistenceUnitInfo [
	name: default
	...]
2017-09-25 01:35:56.252  INFO 81207 --- [    Test worker] org.hibernate.Version                    : HHH000412: Hibernate Core {5.0.11.Final}
2017-09-25 01:35:56.253  INFO 81207 --- [    Test worker] org.hibernate.cfg.Environment            : HHH000206: hibernate.properties not found
2017-09-25 01:35:56.255  INFO 81207 --- [    Test worker] org.hibernate.cfg.Environment            : HHH000021: Bytecode provider name : javassist
2017-09-25 01:35:56.298  INFO 81207 --- [    Test worker] o.hibernate.annotations.common.Version   : HCANN000001: Hibernate Commons Annotations {5.0.1.Final}
2017-09-25 01:35:56.422  INFO 81207 --- [    Test worker] org.hibernate.dialect.Dialect            : HHH000400: Using dialect: org.hibernate.dialect.HSQLDialect
2017-09-25 01:35:56.854  INFO 81207 --- [    Test worker] org.hibernate.tool.hbm2ddl.SchemaExport  : HHH000227: Running hbm2ddl schema export
Hibernate: alter table mentee drop constraint FKflylypkbli0jm34277gta42mr
Hibernate: drop table mentee if exists
Hibernate: drop table mentor if exists
Hibernate: create table mentee (id integer generated by default as identity (start with 1), email varchar(255), first_name varchar(255), last_name varchar(255), level varchar(255), main_skill varchar(255), id_mentor integer, primary key (id))
Hibernate: create table mentor (id integer generated by default as identity (start with 1), email varchar(255), first_name varchar(255), last_name varchar(255), level varchar(255), main_skill varchar(255), primary key (id))
Hibernate: alter table mentee add constraint FKflylypkbli0jm34277gta42mr foreign key (id_mentor) references mentor
2017-09-25 01:35:56.858  INFO 81207 --- [    Test worker] org.hibernate.tool.hbm2ddl.SchemaExport  : HHH000230: Schema export complete
2017-09-25 01:35:56.898  INFO 81207 --- [    Test worker] j.LocalContainerEntityManagerFactoryBean : Initialized JPA EntityManagerFactory for persistence unit 'default'
2017-09-25 01:35:57.118  INFO 81207 --- [    Test worker] o.h.h.i.QueryTranslatorFactoryInitiator  : HHH000397: Using ASTQueryTranslatorFactory
2017-09-25 01:35:57.655  INFO 81207 --- [    Test worker] s.w.s.m.m.a.RequestMappingHandlerAdapter : Looking for @ControllerAdvice: org.springframework.web.context.support.GenericWebApplicationContext@17a296be: startup date [Mon Sep 25 01:35:54 EEST 2017]; root of context hierarchy
2017-09-25 01:35:57.673  INFO 81207 --- [    Test worker] s.w.s.m.m.a.RequestMappingHandlerMapping : Mapped "{[/mentees],methods=[PUT]}" onto public void com.jmp.controller.MenteeController.update(com.jmp.dto.MenteeDto)
2017-09-25 01:35:57.674  INFO 81207 --- [    Test worker] s.w.s.m.m.a.RequestMappingHandlerMapping : Mapped "{[/mentees/{id}],methods=[GET]}" onto public com.jmp.dto.MenteeDto com.jmp.controller.MenteeController.find(int)
2017-09-25 01:35:57.674  INFO 81207 --- [    Test worker] s.w.s.m.m.a.RequestMappingHandlerMapping : Mapped "{[/mentees/{id}],methods=[DELETE]}" onto public void com.jmp.controller.MenteeController.delete(int)
2017-09-25 01:35:57.674  INFO 81207 --- [    Test worker] s.w.s.m.m.a.RequestMappingHandlerMapping : Mapped "{[/mentees],methods=[POST]}" onto public void com.jmp.controller.MenteeController.create(com.jmp.dto.MenteeDto)
2017-09-25 01:35:57.675  INFO 81207 --- [    Test worker] s.w.s.m.m.a.RequestMappingHandlerMapping : Mapped "{[/mentors],methods=[PUT]}" onto public void com.jmp.controller.MentorController.update(com.jmp.dto.MentorDto)
2017-09-25 01:35:57.675  INFO 81207 --- [    Test worker] s.w.s.m.m.a.RequestMappingHandlerMapping : Mapped "{[/mentors/{id}],methods=[GET]}" onto public com.jmp.dto.MentorDto com.jmp.controller.MentorController.find(int)
2017-09-25 01:35:57.675  INFO 81207 --- [    Test worker] s.w.s.m.m.a.RequestMappingHandlerMapping : Mapped "{[/mentors/{id}],methods=[DELETE]}" onto public void com.jmp.controller.MentorController.delete(int)
2017-09-25 01:35:57.676  INFO 81207 --- [    Test worker] s.w.s.m.m.a.RequestMappingHandlerMapping : Mapped "{[/mentors],methods=[POST]}" onto public void com.jmp.controller.MentorController.create(com.jmp.dto.MentorDto)
2017-09-25 01:35:57.676  INFO 81207 --- [    Test worker] s.w.s.m.m.a.RequestMappingHandlerMapping : Mapped "{[/mentors/{id}/mentees],methods=[GET]}" onto public java.util.List<com.jmp.dto.MenteeDto> com.jmp.controller.MentorController.findMentees(int)
2017-09-25 01:35:57.676  INFO 81207 --- [    Test worker] s.w.s.m.m.a.RequestMappingHandlerMapping : Mapped "{[/mentors],methods=[GET]}" onto public java.util.List<com.jmp.dto.MentorDto> com.jmp.controller.MentorController.findBySkill(java.lang.String)
2017-09-25 01:35:57.677  INFO 81207 --- [    Test worker] s.w.s.m.m.a.RequestMappingHandlerMapping : Mapped "{[/error]}" onto public org.springframework.http.ResponseEntity<java.util.Map<java.lang.String, java.lang.Object>> org.springframework.boot.autoconfigure.web.BasicErrorController.error(javax.servlet.http.HttpServletRequest)
2017-09-25 01:35:57.677  INFO 81207 --- [    Test worker] s.w.s.m.m.a.RequestMappingHandlerMapping : Mapped "{[/error],produces=[text/html]}" onto public org.springframework.web.servlet.ModelAndView org.springframework.boot.autoconfigure.web.BasicErrorController.errorHtml(javax.servlet.http.HttpServletRequest,javax.servlet.http.HttpServletResponse)
2017-09-25 01:35:57.696  INFO 81207 --- [    Test worker] o.s.w.s.handler.SimpleUrlHandlerMapping  : Mapped URL path [/webjars/**] onto handler of type [class org.springframework.web.servlet.resource.ResourceHttpRequestHandler]
2017-09-25 01:35:57.696  INFO 81207 --- [    Test worker] o.s.w.s.handler.SimpleUrlHandlerMapping  : Mapped URL path [/**] onto handler of type [class org.springframework.web.servlet.resource.ResourceHttpRequestHandler]
2017-09-25 01:35:57.721  INFO 81207 --- [    Test worker] o.s.w.s.handler.SimpleUrlHandlerMapping  : Mapped URL path [/**/favicon.ico] onto handler of type [class org.springframework.web.servlet.resource.ResourceHttpRequestHandler]
2017-09-25 01:35:57.913  INFO 81207 --- [    Test worker] com.jmp.repository.MenteeRepositoryTest  : Started MenteeRepositoryTest in 3.461 seconds (JVM running for 5.226)
2017-09-25 01:35:58.004  WARN 81207 --- [    Test worker] o.dbunit.dataset.AbstractTableMetaData   : Potential problem found: The configured data type factory 'class org.dbunit.dataset.datatype.DefaultDataTypeFactory' might cause problems with the current database 'HSQL Database Engine' (e.g. some datatypes may not be supported properly). In rare cases you might see this message because the list of supported database products is incomplete (list=[derby]). If so please request a java-class update via the forums.If you are using your own IDataTypeFactory extending DefaultDataTypeFactory, ensure that you override getValidDbProducts() to specify the supported database products.
2017-09-25 01:35:58.031  WARN 81207 --- [    Test worker] o.dbunit.dataset.AbstractTableMetaData   : Potential problem found: The configured data type factory 'class org.dbunit.dataset.datatype.DefaultDataTypeFactory' might cause problems with the current database 'HSQL Database Engine' (e.g. some datatypes may not be supported properly). In rare cases you might see this message because the list of supported database products is incomplete (list=[derby]). If so please request a java-class update via the forums.If you are using your own IDataTypeFactory extending DefaultDataTypeFactory, ensure that you override getValidDbProducts() to specify the supported database products.
Hibernate: select mentee0_.id as id1_0_0_, mentee0_.email as email2_0_0_, mentee0_.first_name as first_na3_0_0_, mentee0_.last_name as last_nam4_0_0_, mentee0_.level as level5_0_0_, mentee0_.main_skill as main_ski6_0_0_, mentee0_.id_mentor as id_mento7_0_0_, mentor1_.id as id1_1_1_, mentor1_.email as email2_1_1_, mentor1_.first_name as first_na3_1_1_, mentor1_.last_name as last_nam4_1_1_, mentor1_.level as level5_1_1_, mentor1_.main_skill as main_ski6_1_1_ from mentee mentee0_ left outer join mentor mentor1_ on mentee0_.id_mentor=mentor1_.id where mentee0_.id=?
Hibernate: select mentee0_.id as id1_0_0_, mentee0_.email as email2_0_0_, mentee0_.first_name as first_na3_0_0_, mentee0_.last_name as last_nam4_0_0_, mentee0_.level as level5_0_0_, mentee0_.main_skill as main_ski6_0_0_, mentee0_.id_mentor as id_mento7_0_0_ from mentee mentee0_ where mentee0_.id=?
Hibernate: select mentor0_.id as id1_1_0_, mentor0_.email as email2_1_0_, mentor0_.first_name as first_na3_1_0_, mentor0_.last_name as last_nam4_1_0_, mentor0_.level as level5_1_0_, mentor0_.main_skill as main_ski6_1_0_ from mentor mentor0_ where mentor0_.id=?
Hibernate: update mentee set email=?, first_name=?, last_name=?, level=?, main_skill=?, id_mentor=? where id=?
2017-09-25 01:35:58.127  WARN 81207 --- [    Test worker] o.dbunit.dataset.AbstractTableMetaData   : Potential problem found: The configured data type factory 'class org.dbunit.dataset.datatype.DefaultDataTypeFactory' might cause problems with the current database 'HSQL Database Engine' (e.g. some datatypes may not be supported properly). In rare cases you might see this message because the list of supported database products is incomplete (list=[derby]). If so please request a java-class update via the forums.If you are using your own IDataTypeFactory extending DefaultDataTypeFactory, ensure that you override getValidDbProducts() to specify the supported database products.
Hibernate: select mentee0_.id as id1_0_0_, mentee0_.email as email2_0_0_, mentee0_.first_name as first_na3_0_0_, mentee0_.last_name as last_nam4_0_0_, mentee0_.level as level5_0_0_, mentee0_.main_skill as main_ski6_0_0_, mentee0_.id_mentor as id_mento7_0_0_, mentor1_.id as id1_1_1_, mentor1_.email as email2_1_1_, mentor1_.first_name as first_na3_1_1_, mentor1_.last_name as last_nam4_1_1_, mentor1_.level as level5_1_1_, mentor1_.main_skill as main_ski6_1_1_ from mentee mentee0_ left outer join mentor mentor1_ on mentee0_.id_mentor=mentor1_.id where mentee0_.id=?
Hibernate: delete from mentee where id=?
2017-09-25 01:35:58.156  WARN 81207 --- [    Test worker] o.dbunit.dataset.AbstractTableMetaData   : Potential problem found: The configured data type factory 'class org.dbunit.dataset.datatype.DefaultDataTypeFactory' might cause problems with the current database 'HSQL Database Engine' (e.g. some datatypes may not be supported properly). In rare cases you might see this message because the list of supported database products is incomplete (list=[derby]). If so please request a java-class update via the forums.If you are using your own IDataTypeFactory extending DefaultDataTypeFactory, ensure that you override getValidDbProducts() to specify the supported database products.
Hibernate: select mentee0_.id as id1_0_0_, mentee0_.email as email2_0_0_, mentee0_.first_name as first_na3_0_0_, mentee0_.last_name as last_nam4_0_0_, mentee0_.level as level5_0_0_, mentee0_.main_skill as main_ski6_0_0_, mentee0_.id_mentor as id_mento7_0_0_, mentor1_.id as id1_1_1_, mentor1_.email as email2_1_1_, mentor1_.first_name as first_na3_1_1_, mentor1_.last_name as last_nam4_1_1_, mentor1_.level as level5_1_1_, mentor1_.main_skill as main_ski6_1_1_ from mentee mentee0_ left outer join mentor mentor1_ on mentee0_.id_mentor=mentor1_.id where mentee0_.id=?
Mentee(id=1, firstName=MenteeFirst1, lastName=MenteeLast1, email=MenteeFirst1_MenteeLast1@epam.com, level=D3, mainSkill=Java, mentor=null)
2017-09-25 01:35:58.182  WARN 81207 --- [    Test worker] o.dbunit.dataset.AbstractTableMetaData   : Potential problem found: The configured data type factory 'class org.dbunit.dataset.datatype.DefaultDataTypeFactory' might cause problems with the current database 'HSQL Database Engine' (e.g. some datatypes may not be supported properly). In rare cases you might see this message because the list of supported database products is incomplete (list=[derby]). If so please request a java-class update via the forums.If you are using your own IDataTypeFactory extending DefaultDataTypeFactory, ensure that you override getValidDbProducts() to specify the supported database products.
Hibernate: insert into mentee (id, email, first_name, last_name, level, main_skill, id_mentor) values (default, ?, ?, ?, ?, ?, ?)
]]></system-out>
  <system-err><![CDATA[]]></system-err>
</testsuite>
