<?xml version="1.0" encoding="UTF-8"?>
<testsuite name="com.jmp.repository.MentorRepositoryTest" tests="5" skipped="0" failures="0" errors="0" timestamp="2017-09-24T22:35:58" hostname="MacBook-Pro-Ruslan.local" time="0.117">
  <properties/>
  <testcase name="updateMentor" classname="com.jmp.repository.MentorRepositoryTest" time="0.028"/>
  <testcase name="deleteMentor" classname="com.jmp.repository.MentorRepositoryTest" time="0.02"/>
  <testcase name="findMentor" classname="com.jmp.repository.MentorRepositoryTest" time="0.018"/>
  <testcase name="saveMentor" classname="com.jmp.repository.MentorRepositoryTest" time="0.02"/>
  <testcase name="findMentorsBySkill" classname="com.jmp.repository.MentorRepositoryTest" time="0.026"/>
  <system-out><![CDATA[2017-09-25 01:35:58.195  INFO 81207 --- [    Test worker] .b.t.c.SpringBootTestContextBootstrapper : Neither @ContextConfiguration nor @ContextHierarchy found for test class [com.jmp.repository.MentorRepositoryTest], using SpringBootContextLoader
2017-09-25 01:35:58.196  INFO 81207 --- [    Test worker] o.s.t.c.support.AbstractContextLoader    : Could not detect default resource locations for test class [com.jmp.repository.MentorRepositoryTest]: no resource found for suffixes {-context.xml, Context.groovy}.
2017-09-25 01:35:58.196  INFO 81207 --- [    Test worker] t.c.s.AnnotationConfigContextLoaderUtils : Could not detect default configuration classes for test class [com.jmp.repository.MentorRepositoryTest]: MentorRepositoryTest does not declare any static, non-private, non-final, nested classes annotated with @Configuration.
2017-09-25 01:35:58.217  INFO 81207 --- [    Test worker] .b.t.c.SpringBootTestContextBootstrapper : Found @SpringBootConfiguration com.jmp.JmpApplication for test class com.jmp.repository.MentorRepositoryTest
2017-09-25 01:35:58.220  INFO 81207 --- [    Test worker] .b.t.c.SpringBootTestContextBootstrapper : Using TestExecutionListeners: [org.springframework.test.context.support.DependencyInjectionTestExecutionListener@6dbc9036, com.github.springtestdbunit.DbUnitTestExecutionListener@346dacf3, com.github.springtestdbunit.TransactionDbUnitTestExecutionListener@68bf5c09]
2017-09-25 01:35:58.246  WARN 81207 --- [    Test worker] o.dbunit.dataset.AbstractTableMetaData   : Potential problem found: The configured data type factory 'class org.dbunit.dataset.datatype.DefaultDataTypeFactory' might cause problems with the current database 'HSQL Database Engine' (e.g. some datatypes may not be supported properly). In rare cases you might see this message because the list of supported database products is incomplete (list=[derby]). If so please request a java-class update via the forums.If you are using your own IDataTypeFactory extending DefaultDataTypeFactory, ensure that you override getValidDbProducts() to specify the supported database products.
Hibernate: select mentor0_.id as id1_1_0_, mentor0_.email as email2_1_0_, mentor0_.first_name as first_na3_1_0_, mentor0_.last_name as last_nam4_1_0_, mentor0_.level as level5_1_0_, mentor0_.main_skill as main_ski6_1_0_ from mentor mentor0_ where mentor0_.id=?
Hibernate: select mentor0_.id as id1_1_0_, mentor0_.email as email2_1_0_, mentor0_.first_name as first_na3_1_0_, mentor0_.last_name as last_nam4_1_0_, mentor0_.level as level5_1_0_, mentor0_.main_skill as main_ski6_1_0_ from mentor mentor0_ where mentor0_.id=?
Hibernate: update mentor set email=?, first_name=?, last_name=?, level=?, main_skill=? where id=?
2017-09-25 01:35:58.273  WARN 81207 --- [    Test worker] o.dbunit.dataset.AbstractTableMetaData   : Potential problem found: The configured data type factory 'class org.dbunit.dataset.datatype.DefaultDataTypeFactory' might cause problems with the current database 'HSQL Database Engine' (e.g. some datatypes may not be supported properly). In rare cases you might see this message because the list of supported database products is incomplete (list=[derby]). If so please request a java-class update via the forums.If you are using your own IDataTypeFactory extending DefaultDataTypeFactory, ensure that you override getValidDbProducts() to specify the supported database products.
Hibernate: select mentor0_.id as id1_1_0_, mentor0_.email as email2_1_0_, mentor0_.first_name as first_na3_1_0_, mentor0_.last_name as last_nam4_1_0_, mentor0_.level as level5_1_0_, mentor0_.main_skill as main_ski6_1_0_ from mentor mentor0_ where mentor0_.id=?
Hibernate: delete from mentor where id=?
2017-09-25 01:35:58.295  WARN 81207 --- [    Test worker] o.dbunit.dataset.AbstractTableMetaData   : Potential problem found: The configured data type factory 'class org.dbunit.dataset.datatype.DefaultDataTypeFactory' might cause problems with the current database 'HSQL Database Engine' (e.g. some datatypes may not be supported properly). In rare cases you might see this message because the list of supported database products is incomplete (list=[derby]). If so please request a java-class update via the forums.If you are using your own IDataTypeFactory extending DefaultDataTypeFactory, ensure that you override getValidDbProducts() to specify the supported database products.
Hibernate: select mentor0_.id as id1_1_0_, mentor0_.email as email2_1_0_, mentor0_.first_name as first_na3_1_0_, mentor0_.last_name as last_nam4_1_0_, mentor0_.level as level5_1_0_, mentor0_.main_skill as main_ski6_1_0_ from mentor mentor0_ where mentor0_.id=?
2017-09-25 01:35:58.313  WARN 81207 --- [    Test worker] o.dbunit.dataset.AbstractTableMetaData   : Potential problem found: The configured data type factory 'class org.dbunit.dataset.datatype.DefaultDataTypeFactory' might cause problems with the current database 'HSQL Database Engine' (e.g. some datatypes may not be supported properly). In rare cases you might see this message because the list of supported database products is incomplete (list=[derby]). If so please request a java-class update via the forums.If you are using your own IDataTypeFactory extending DefaultDataTypeFactory, ensure that you override getValidDbProducts() to specify the supported database products.
Hibernate: insert into mentor (id, email, first_name, last_name, level, main_skill) values (default, ?, ?, ?, ?, ?)
2017-09-25 01:35:58.334  WARN 81207 --- [    Test worker] o.dbunit.dataset.AbstractTableMetaData   : Potential problem found: The configured data type factory 'class org.dbunit.dataset.datatype.DefaultDataTypeFactory' might cause problems with the current database 'HSQL Database Engine' (e.g. some datatypes may not be supported properly). In rare cases you might see this message because the list of supported database products is incomplete (list=[derby]). If so please request a java-class update via the forums.If you are using your own IDataTypeFactory extending DefaultDataTypeFactory, ensure that you override getValidDbProducts() to specify the supported database products.
2017-09-25 01:35:58.339  INFO 81207 --- [    Test worker] o.s.t.c.transaction.TransactionContext   : Began transaction (1) for test context [DefaultTestContext@1b5525a8 testClass = MentorRepositoryTest, testInstance = com.jmp.repository.MentorRepositoryTest@26a21898, testMethod = findMentorsBySkill@MentorRepositoryTest, testException = [null], mergedContextConfiguration = [WebMergedContextConfiguration@6e5107f testClass = MentorRepositoryTest, locations = '{}', classes = '{class com.jmp.JmpApplication}', contextInitializerClasses = '[]', activeProfiles = '{test}', propertySourceLocations = '{}', propertySourceProperties = '{org.springframework.boot.test.context.SpringBootTestContextBootstrapper=true}', contextCustomizers = set[org.springframework.boot.test.context.SpringBootTestContextCustomizer@2638fb79, org.springframework.boot.test.context.filter.ExcludeFilterContextCustomizer@199bba89, org.springframework.boot.test.mock.mockito.MockitoContextCustomizer@0, org.springframework.boot.test.autoconfigure.properties.PropertyMappingContextCustomizer@0, org.springframework.boot.test.autoconfigure.web.servlet.WebDriverContextCustomizerFactory$Customizer@6811fdfd], resourceBasePath = 'src/main/webapp', contextLoader = 'org.springframework.boot.test.context.SpringBootContextLoader', parent = [null]]]; transaction manager [org.springframework.orm.jpa.JpaTransactionManager@5694db73]; rollback [true]
Hibernate: select mentor0_.id as id1_1_, mentor0_.email as email2_1_, mentor0_.first_name as first_na3_1_, mentor0_.last_name as last_nam4_1_, mentor0_.level as level5_1_, mentor0_.main_skill as main_ski6_1_ from mentor mentor0_ where mentor0_.main_skill=? order by mentor0_.level DESC
2017-09-25 01:35:58.348  INFO 81207 --- [    Test worker] o.s.t.c.transaction.TransactionContext   : Rolled back transaction for test context [DefaultTestContext@1b5525a8 testClass = MentorRepositoryTest, testInstance = com.jmp.repository.MentorRepositoryTest@26a21898, testMethod = findMentorsBySkill@MentorRepositoryTest, testException = [null], mergedContextConfiguration = [WebMergedContextConfiguration@6e5107f testClass = MentorRepositoryTest, locations = '{}', classes = '{class com.jmp.JmpApplication}', contextInitializerClasses = '[]', activeProfiles = '{test}', propertySourceLocations = '{}', propertySourceProperties = '{org.springframework.boot.test.context.SpringBootTestContextBootstrapper=true}', contextCustomizers = set[org.springframework.boot.test.context.SpringBootTestContextCustomizer@2638fb79, org.springframework.boot.test.context.filter.ExcludeFilterContextCustomizer@199bba89, org.springframework.boot.test.mock.mockito.MockitoContextCustomizer@0, org.springframework.boot.test.autoconfigure.properties.PropertyMappingContextCustomizer@0, org.springframework.boot.test.autoconfigure.web.servlet.WebDriverContextCustomizerFactory$Customizer@6811fdfd], resourceBasePath = 'src/main/webapp', contextLoader = 'org.springframework.boot.test.context.SpringBootContextLoader', parent = [null]]].
]]></system-out>
  <system-err><![CDATA[]]></system-err>
</testsuite>
