<?xml version="1.0" encoding="UTF-8"?>
<testsuite name="com.jmp.service.MentorServiceTest" tests="6" skipped="0" failures="0" errors="0" timestamp="2017-09-24T22:35:58" hostname="MacBook-Pro-Ruslan.local" time="0.011">
  <properties/>
  <testcase name="findAllMentorsBySkill" classname="com.jmp.service.MentorServiceTest" time="0.007"/>
  <testcase name="updateMentor" classname="com.jmp.service.MentorServiceTest" time="0.0"/>
  <testcase name="deleteMentee" classname="com.jmp.service.MentorServiceTest" time="0.001"/>
  <testcase name="findMentor" classname="com.jmp.service.MentorServiceTest" time="0.0"/>
  <testcase name="createMentor" classname="com.jmp.service.MentorServiceTest" time="0.0"/>
  <testcase name="findAllMenteesForMentor" classname="com.jmp.service.MentorServiceTest" time="0.0"/>
  <system-out><![CDATA[]]></system-out>
  <system-err><![CDATA[]]></system-err>
</testsuite>
